<?xml version="1.0" encoding="UTF-8"?>
<!-- Generated by org.testng.reporters.JUnitReportReporter -->
<testsuite hostname="MIIND51N15S2" failures="0" tests="1" name="getRequest.GetData" time="2.092" errors="0" timestamp="2021-09-02T22:19:43 IST" skipped="0">
  <testcase classname="getRequest.GetData" name="testResponseCode" time="2.092"/>
  <system-out/>
</testsuite> <!-- getRequest.GetData -->
