<?xml version="1.0" encoding="UTF-8"?>
<!-- Generated by org.testng.reporters.JUnitReportReporter -->
<testsuite hostname="MIIND51N15S2" failures="0" tests="1" name="getRequest.GetData2" time="1.465" errors="0" timestamp="2021-09-02T22:25:03 IST" skipped="0">
  <testcase classname="getRequest.GetData2" name="testResponseCode" time="1.465"/>
  <system-out/>
</testsuite> <!-- getRequest.GetData2 -->
